[2016-09-22 10:34:46] START
[2018-11-07 12:10:34] EDIT web2py_start4/views/default/index.html: 3
[2018-11-07 12:10:57] EDIT web2py_start4/views/default/index.html: 0
[2018-11-07 12:13:56] EDIT web2py_start4/static/js/default_index.js: 0
[2018-11-07 12:14:07] EDIT web2py_start4/views/default/index.html: 0
[2018-11-07 12:14:22] EDIT web2py_start4/views/default/index.html: 0
[2018-11-07 12:14:37] EDIT web2py_start4/views/default/index.html: 0
[2018-11-07 12:16:19] EDIT web2py_start4/static/js/default_index.js: 0
[2018-11-07 12:16:27] EDIT web2py_start4/static/js/default_index.js: 0
[2018-11-07 12:16:42] EDIT web2py_start4/views/default/index.html: 0
[2018-11-07 12:16:48] EDIT web2py_start4/views/default/index.html: 0
[2018-11-07 12:16:52] EDIT web2py_start4/views/default/index.html: 0
[2018-11-07 12:17:01] EDIT web2py_start4/static/js/default_index.js: 0
[2018-11-07 12:18:06] EDIT web2py_start4/static/js/default_index.js: 4
[2018-11-07 12:18:19] EDIT web2py_start4/static/js/default_index.js: 0
[2018-11-07 12:18:40] EDIT web2py_start4/static/js/default_index.js: 1
[2018-11-07 12:18:57] EDIT web2py_start4/static/js/default_index.js: 0
[2018-11-07 12:20:13] EDIT web2py_start4/static/js/default_index.js: 0
[2018-11-07 12:20:20] EDIT web2py_start4/views/default/index.html: 0
[2018-11-07 12:20:58] EDIT web2py_start4/static/js/default_index.js: 0
[2018-11-07 12:21:22] EDIT web2py_start4/views/default/index.html: 0
[2018-11-07 12:21:30] EDIT web2py_start4/static/js/default_index.js: 0
[2018-11-07 12:21:36] EDIT web2py_start4/static/js/default_index.js: 0
[2018-11-07 12:22:08] EDIT web2py_start4/static/js/default_index.js: 2
[2018-11-07 12:30:32] EDIT web2py_start4/views/default/index.html: 15
[2018-11-07 12:30:53] EDIT web2py_start4/views/default/index.html: 0
[2018-11-07 12:31:07] EDIT web2py_start4/views/default/index.html: 0
[2018-11-07 12:31:23] EDIT web2py_start4/views/default/index.html: 0
[2018-11-07 12:31:38] EDIT web2py_start4/static/js/default_index.js: 0
[2018-11-07 12:32:13] EDIT web2py_start4/static/js/default_index.js: 0
[2018-11-07 12:32:27] EDIT web2py_start4/static/js/default_index.js: 0
[2018-11-07 12:32:58] EDIT web2py_start4/views/default/index.html: 0
[2018-11-07 12:33:55] EDIT web2py_start4/views/default/index.html: 0
[2018-11-07 12:34:14] EDIT web2py_start4/views/default/index.html: 0
[2018-11-07 12:35:02] EDIT web2py_start4/views/default/index.html: 0
[2018-11-07 12:35:42] EDIT web2py_start4/views/default/index.html: 0
[2018-11-07 12:35:53] EDIT web2py_start4/views/default/index.html: 0
[2018-11-07 12:36:08] EDIT web2py_start4/views/default/index.html: 0
[2018-11-07 12:36:17] EDIT web2py_start4/views/default/index.html: 0
[2018-11-07 12:37:50] EDIT web2py_start4/views/default/index.html: -2
[2018-11-07 12:38:07] EDIT web2py_start4/static/js/default_index.js: 0
[2018-11-07 12:38:36] EDIT web2py_start4/static/js/default_index.js: 1
[2018-11-07 12:40:50] EDIT web2py_start4/static/js/default_index.js: 39
[2018-11-07 12:41:19] EDIT web2py_start4/static/js/default_index.js: 0
[2018-11-07 12:42:21] EDIT web2py_start4/static/js/default_index.js: 7
[2018-11-07 12:44:24] EDIT web2py_start4/controllers/api.py: 1
[2018-11-07 12:44:38] EDIT web2py_start4/controllers/api.py: 0
[2018-11-07 12:45:08] EDIT web2py_start4/controllers/api.py: 2
[2018-11-07 12:46:31] EDIT web2py_start4/controllers/api.py: 25
[2018-11-07 12:48:58] EDIT web2py_start4/static/js/default_index.js: 0
[2018-11-07 12:53:05] EDIT web2py_start4/models/tables.py: 4
[2018-11-07 12:53:15] EDIT web2py_start4/models/tables.py: 0
[2018-11-07 12:53:30] EDIT web2py_start4/models/tables.py: 0
[2018-11-07 12:53:55] EDIT web2py_start4/models/tables.py: 0
[2018-11-07 12:54:55] EDIT web2py_start4/views/default/index.html: 2
[2018-11-07 12:59:28] EDIT web2py_start4/views/default/index.html: 2
[2018-11-07 12:59:39] EDIT web2py_start4/views/default/index.html: -2
[2018-11-07 12:59:51] EDIT web2py_start4/views/default/index.html: 0
[2018-11-07 12:59:53] EDIT web2py_start4/views/default/index.html: 0
[2018-11-07 13:01:30] EDIT web2py_start4/static/js/default_index.js: 5
[2018-11-07 13:01:57] EDIT web2py_start4/static/js/default_index.js: 0
[2018-11-07 13:02:51] EDIT web2py_start4/static/js/default_index.js: 0
[2018-11-07 13:06:04] EDIT web2py_start4/static/js/default_index.js: 5
[2018-11-07 13:08:02] EDIT web2py_start4/static/js/default_index.js: 1
[2018-11-07 13:08:06] EDIT web2py_start4/static/js/default_index.js: 0
[2018-11-07 13:08:26] EDIT web2py_start4/static/js/default_index.js: 1
[2018-11-07 13:09:30] EDIT web2py_start4/static/js/default_index.js: 2
[2018-11-07 13:09:47] EDIT web2py_start4/static/js/default_index.js: 0
[2018-11-07 13:10:27] EDIT web2py_start4/static/js/default_index.js: 2
[2018-11-07 13:10:36] EDIT web2py_start4/static/js/default_index.js: 0
[2018-11-07 13:10:57] EDIT web2py_start4/static/js/default_index.js: 0
[2018-11-07 13:12:52] EDIT web2py_start4/controllers/api.py: 0
[2018-11-07 13:13:19] EDIT web2py_start4/views/default/index.html: 0
[2018-11-07 13:14:25] EDIT web2py_start4/views/default/index.html: 0
[2018-11-07 13:14:48] EDIT web2py_start4/static/css/myapp.css: 3
[2018-11-07 13:15:21] EDIT web2py_start4/views/default/index.html: 0
[2018-11-07 13:15:27] EDIT web2py_start4/views/default/index.html: 0
[2018-11-07 13:15:51] EDIT web2py_start4/views/default/index.html: 0
[2018-11-07 13:19:08] EDIT web2py_start4/views/default/index.html: 1
[2018-11-07 13:24:28] EDIT web2py_start4/static/js/default_index.js: 4
[2018-11-07 13:25:36] EDIT web2py_start4/views/default/index.html: -1
[2018-11-07 13:25:44] EDIT web2py_start4/static/js/default_index.js: -4
[2018-11-07 13:26:04] EDIT web2py_start4/static/js/default_index.js: 0
[2018-11-07 13:26:39] EDIT web2py_start4/static/js/default_index.js: 0
[2018-11-07 13:26:45] EDIT web2py_start4/static/js/default_index.js: 0
[2018-11-07 13:29:05] EDIT web2py_start4/static/js/default_index.js: 18
[2018-11-07 13:29:28] EDIT web2py_start4/static/js/default_index.js: 1
[2018-11-07 13:29:38] EDIT web2py_start4/static/js/default_index.js: 0
[2018-11-07 13:31:49] EDIT web2py_start4/static/js/default_index.js: 0
[2018-11-07 13:33:17] EDIT web2py_start4/static/js/default_index.js: 0
[2018-11-07 13:33:36] EDIT web2py_start4/static/js/default_index.js: 1
[2018-11-07 13:34:46] EDIT web2py_start4/views/default/index.html: 0
[2018-11-07 13:35:30] EDIT web2py_start4/static/js/default_index.js: 1
[2018-11-07 13:37:21] EDIT web2py_start4/views/default/index.html: 0
[2018-11-07 13:37:26] EDIT web2py_start4/views/default/index.html: 0
[2018-11-07 13:38:03] EDIT web2py_start4/controllers/api.py: -2
[2018-11-07 13:38:21] EDIT web2py_start4/controllers/api.py: 2
[2018-11-07 13:38:59] EDIT web2py_start4/controllers/api.py: 0
[2018-11-07 13:39:18] EDIT web2py_start4/controllers/api.py: 0
[2018-11-07 13:40:48] EDIT web2py_start4/views/default/index.html: 1
[2018-11-07 13:41:12] EDIT web2py_start4/views/default/index.html: -1
[2018-11-07 13:42:07] EDIT web2py_start4/views/default/index.html: -4
[2018-11-07 13:42:29] EDIT web2py_start4/views/default/index.html: -3
[2018-11-07 13:42:57] EDIT web2py_start4/views/default/index.html: 0
[2018-11-07 13:43:04] EDIT web2py_start4/views/default/index.html: 0
[2018-11-07 13:43:15] EDIT web2py_start4/views/default/index.html: 0
[2018-11-07 13:43:20] EDIT web2py_start4/views/default/index.html: 0
[2018-11-07 13:45:31] EDIT web2py_start4/static/js/default_index.js: 0
[2018-11-07 13:48:09] EDIT web2py_start4/static/js/default_index.js: 1
[2018-11-07 13:48:38] EDIT web2py_start4/static/js/default_index.js: 0
[2018-11-07 13:48:56] EDIT web2py_start4/static/js/default_index.js: 0
[2018-11-07 13:49:58] EDIT web2py_start4/static/js/default_index.js: 0
[2018-11-07 13:50:23] EDIT web2py_start4/static/js/default_index.js: 0
[2018-11-07 13:52:46] EDIT web2py_start4/views/default/index.html: 0
[2018-11-07 13:52:52] EDIT web2py_start4/views/default/index.html: 0
[2018-11-07 13:53:16] EDIT web2py_start4/views/default/index.html: 0
[2018-11-07 13:53:19] EDIT web2py_start4/views/default/index.html: 0
[2018-11-07 13:53:23] EDIT web2py_start4/views/default/index.html: 0
[2018-11-07 13:53:49] EDIT web2py_start4/views/default/index.html: 0
[2018-11-07 13:54:31] EDIT web2py_start4/static/js/default_index.js: 0
[2018-11-07 13:54:39] EDIT web2py_start4/static/js/default_index.js: 0
[2018-11-07 13:54:58] EDIT web2py_start4/static/js/default_index.js: 0
[2018-11-07 13:55:53] EDIT web2py_start4/views/default/index.html: 0
[2018-11-07 13:56:24] EDIT web2py_start4/static/js/default_index.js: 0
[2018-11-07 13:56:51] EDIT web2py_start4/static/js/default_index.js: 0
[2018-11-07 13:57:38] EDIT web2py_start4/static/js/default_index.js: 1
[2018-11-07 13:57:55] EDIT web2py_start4/static/js/default_index.js: 0
[2018-11-07 13:59:47] EDIT web2py_start4/static/js/default_index.js: 0
[2018-11-07 14:01:00] EDIT web2py_start4/static/js/default_index.js: 0
[2018-11-07 14:03:56] EDIT web2py_start4/static/js/default_index.js: -1
[2018-11-07 14:05:57] EDIT web2py_start4/static/js/default_index.js: 1
[2018-11-07 14:06:17] EDIT web2py_start4/static/js/default_index.js: 1
[2018-11-07 14:06:37] EDIT web2py_start4/views/default/index.html: 0
[2018-11-07 14:06:44] EDIT web2py_start4/views/default/index.html: 0
[2018-11-07 14:06:48] EDIT web2py_start4/static/js/default_index.js: 0
[2018-11-07 14:06:53] EDIT web2py_start4/static/js/default_index.js: 0
[2018-11-07 14:08:05] EDIT web2py_start4/static/js/default_index.js: 1
[2018-11-07 14:08:20] EDIT web2py_start4/static/js/default_index.js: 0
[2018-11-07 14:08:36] EDIT web2py_start4/static/js/default_index.js: 0
[2018-11-07 14:09:22] EDIT web2py_start4/static/js/default_index.js: -2
[2018-11-07 14:09:26] EDIT web2py_start4/static/js/default_index.js: 0
[2018-11-07 14:09:32] EDIT web2py_start4/static/js/default_index.js: 0
[2018-11-07 14:09:43] EDIT web2py_start4/static/js/default_index.js: 0
[2018-11-07 14:10:27] EDIT web2py_start4/static/js/default_index.js: 3
[2018-11-07 14:11:06] EDIT web2py_start4/static/js/default_index.js: 0
[2018-11-07 14:20:41] EDIT web2py_start4/static/js/default_index.js: 22
[2018-11-07 14:22:32] EDIT web2py_start4/static/js/default_index.js: 1
[2018-11-07 14:23:01] EDIT web2py_start4/static/js/default_index.js: 1
[2018-11-07 14:23:37] EDIT web2py_start4/views/default/index.html: 0
[2018-11-07 14:24:10] EDIT web2py_start4/static/js/default_index.js: 1
[2018-11-07 14:24:43] EDIT web2py_start4/static/js/default_index.js: 0
[2018-11-07 14:25:04] EDIT web2py_start4/static/js/default_index.js: 0
[2018-11-07 14:25:34] EDIT web2py_start4/static/js/default_index.js: 1
[2018-11-07 14:25:52] EDIT web2py_start4/static/js/default_index.js: 0
[2018-11-07 14:26:44] EDIT web2py_start4/static/js/default_index.js: 0
[2018-11-07 14:27:27] EDIT web2py_start4/static/js/default_index.js: -1
[2018-11-07 14:28:46] EDIT web2py_start4/static/js/default_index.js: -1
[2018-11-07 14:28:51] EDIT web2py_start4/static/js/default_index.js: 0
[2018-11-07 14:29:36] EDIT web2py_start4/static/js/default_index.js: -1
[2018-11-07 14:30:12] EDIT web2py_start4/static/js/default_index.js: 0
[2018-11-07 14:30:43] EDIT web2py_start4/static/js/default_index.js: 2
[2018-11-07 14:30:53] EDIT web2py_start4/static/js/default_index.js: -2
[2018-11-07 14:32:38] EDIT web2py_start4/views/default/index.html: 0
[2018-11-07 14:32:54] EDIT web2py_start4/static/js/default_index.js: 0
[2018-11-07 14:32:59] EDIT web2py_start4/views/default/index.html: 0
[2018-11-07 14:33:36] EDIT web2py_start4/views/default/index.html: 0
[2018-11-07 14:34:01] EDIT web2py_start4/views/default/index.html: 0
[2018-11-07 14:34:39] EDIT web2py_start4/views/default/index.html: 0
[2018-11-07 14:35:53] EDIT web2py_start4/views/default/index.html: 0
[2018-11-07 14:38:57] EDIT web2py_start4/static/js/default_index.js: 15
[2018-11-07 14:40:18] EDIT web2py_start4/static/js/default_index.js: -4
[2018-11-07 14:41:15] EDIT web2py_start4/static/js/default_index.js: 5
[2018-11-07 14:42:26] EDIT web2py_start4/static/js/default_index.js: -18
[2018-11-07 14:42:55] EDIT web2py_start4/static/js/default_index.js: -5
[2018-11-07 14:47:46] EDIT web2py_start4/views/default/index.html: 0
[2018-11-07 14:47:55] EDIT web2py_start4/views/default/index.html: 0
[2018-11-07 14:49:06] EDIT web2py_start4/static/js/default_index.js: -29
[2018-11-07 14:53:00] EDIT web2py_start4/static/js/default_index.js: 1
[2018-11-07 14:53:59] EDIT web2py_start4/static/js/default_index.js: 1
[2018-11-07 14:54:12] EDIT web2py_start4/static/js/default_index.js: 0
[2018-11-07 14:54:52] EDIT web2py_start4/static/js/default_index.js: 3
[2018-11-07 14:55:17] EDIT web2py_start4/static/js/default_index.js: 1
[2018-11-07 14:56:24] EDIT web2py_start4/views/default/index.html: 1
[2018-11-07 14:56:36] EDIT web2py_start4/views/default/index.html: 0
[2018-11-07 14:56:43] EDIT web2py_start4/views/default/index.html: 0
[2018-11-07 14:56:56] EDIT web2py_start4/views/default/index.html: 1
[2018-11-07 14:57:24] EDIT web2py_start4/views/default/index.html: 0
[2018-11-07 14:57:35] EDIT web2py_start4/views/default/index.html: 0
[2018-11-07 14:58:31] EDIT web2py_start4/views/default/index.html: 2
[2018-11-07 14:59:47] EDIT web2py_start4/static/js/default_index.js: 0
[2018-11-07 15:00:11] EDIT web2py_start4/static/js/default_index.js: 0
[2018-11-07 15:00:56] EDIT web2py_start4/views/default/index.html: 0
[2018-11-07 15:01:12] EDIT web2py_start4/views/default/index.html: 1
[2018-11-07 15:01:54] EDIT web2py_start4/views/default/index.html: 1
[2018-11-07 15:02:04] EDIT web2py_start4/views/default/index.html: 0
[2018-11-07 15:02:10] EDIT web2py_start4/views/default/index.html: -1
[2018-11-07 15:02:21] EDIT web2py_start4/views/default/index.html: 1
[2018-11-07 15:02:26] EDIT web2py_start4/views/default/index.html: 0
[2018-11-07 15:02:57] EDIT web2py_start4/views/default/index.html: 0
[2018-11-07 15:04:50] EDIT web2py_start4/views/default/index.html: 0
[2018-11-07 15:06:39] EDIT web2py_start4/views/default/index.html: 0
[2018-11-07 15:07:28] EDIT web2py_start4/views/default/index.html: 6
[2018-11-07 15:08:00] EDIT web2py_start4/static/css/myapp.css: 2
[2018-11-07 15:08:08] EDIT web2py_start4/static/css/myapp.css: 0
[2018-11-07 15:08:26] EDIT web2py_start4/static/css/myapp.css: 2
[2018-11-07 15:08:37] EDIT web2py_start4/static/css/myapp.css: 0
[2018-11-07 15:09:11] EDIT web2py_start4/static/css/myapp.css: 0
[2018-11-07 15:09:20] EDIT web2py_start4/static/css/myapp.css: 0
[2018-11-07 15:38:03] EDIT web2py_start4/controllers/api.py: -11
[2018-11-07 15:38:26] EDIT web2py_start4/controllers/api.py: -3
[2018-11-07 15:38:36] EDIT web2py_start4/views/default/index.html: -3
[2018-11-07 15:38:52] EDIT web2py_start4/views/default/index.html: -11
[2018-11-07 15:39:07] EDIT web2py_start4/static/js/default_index.js: -2
[2018-11-07 15:39:31] EDIT web2py_start4/static/js/default_index.js: -26
[2018-11-07 15:39:32] EDIT web2py_start4/static/js/default_index.js: 0
[2018-11-07 15:39:45] EDIT web2py_start4/models/tables.py: -5
[2018-11-07 15:40:19] EDIT web2py_start4/static/js/default_index.js: -1
[2018-11-07 15:40:21] EDIT web2py_start4/views/default/index.html: 0
[2018-11-07 15:40:22] EDIT web2py_start4/controllers/api.py: 0
[2018-11-07 15:40:23] EDIT web2py_start4/models/tables.py: 0
[2018-11-07 15:41:00] EDIT web2py_start4/static/js/default_index.js: 1
[2018-11-07 15:41:38] EDIT web2py_start4/static/js/default_index.js: 5
[2018-11-07 15:42:01] EDIT web2py_start4/static/js/default_index.js: 23
[2018-11-07 15:42:20] EDIT web2py_start4/views/default/index.html: 12
[2018-11-07 15:42:31] EDIT web2py_start4/views/default/index.html: -11
[2018-11-07 15:42:35] EDIT web2py_start4/static/js/default_index.js: -28
[2018-11-07 15:42:57] EDIT web2py_start4/static/js/default_index.js: 28
[2018-11-07 15:43:13] EDIT web2py_start4/views/default/index.html: 0
[2018-11-07 15:43:24] EDIT web2py_start4/views/default/index.html: 0
[2018-11-07 15:43:51] EDIT web2py_start4/controllers/api.py: 0
[2018-11-07 15:44:09] EDIT web2py_start4/controllers/api.py: 0
[2018-11-07 15:44:20] EDIT web2py_start4/views/default/index.html: 0
[2018-11-07 15:44:26] EDIT web2py_start4/static/js/default_index.js: -28
[2018-11-07 15:44:49] EDIT web2py_start4/static/js/default_index.js: 0
[2018-11-07 15:44:50] EDIT web2py_start4/views/default/index.html: 0
[2018-11-07 15:44:52] EDIT web2py_start4/controllers/api.py: -1
[2018-11-07 15:44:59] EDIT web2py_start4/controllers/api.py: 0
[2018-11-07 15:45:03] EDIT web2py_start4/controllers/api.py: 0
[2018-11-07 15:45:11] EDIT web2py_start4/controllers/api.py: 1
[2018-11-07 15:45:13] EDIT web2py_start4/models/tables.py: 0
